<?xml version='1.0' encoding='utf-8'?>
<testsuites errors="1" failures="1" tests="6" time="24">
    <testsuite errors="1" failures="0" name="testsuite 1" skipped="1" tests="3" time="4">
        <properties>
            <property name="testcase_2_property_1" value="tc2p1" />
        </properties>
        <testcase classname="classname_1" name="testcase_1" time="1">
            <skipped message="skip message" type="skipped">test skipped</skipped>
        </testcase>
        <testcase classname="classname_1" name="testcase_2" time="1">
            <error message="error message" type="error">test in error</error>
        </testcase>
        <testcase classname="classname_2" name="testcase_3" time="2">
            <system-out>stdout preserve
line returned</system-out>
            <system-err></system-err>
        </testcase>
    </testsuite>
    <testsuite errors="0" failures="1" name="testsuite 2" skipped="0" tests="3" time="20">
        <testcase classname="classname_1" name="testcase_1" time="5">
            <failure message="failure message" type="failure">test in failure</failure>
        </testcase>
        <testcase classname="classname_1" name="testcase_2" time="5"/>
        <testcase classname="classname_2" name="testcase_3" time="10"/>
    </testsuite>
</testsuites>